Type                                  Module                      Label             Process   
----------------------------------------------------------------------------------------------
GenEventInfoProduct                   "generator"                 ""                "SIM"     
ROOT::Math::PositionVector3D<ROOT::Math::Cartesian3D<float>,ROOT::Math::DefaultCoordinateSystemTag>    "genParticles"              "xyz0"            "SIM"     
edm::HepMCProduct                     "generatorSmeared"          ""                "SIM"     
edm::TriggerResults                   "TriggerResults"            ""                "SIM"     
float                                 "genParticles"              "t0"              "SIM"     
vector<SimTrack>                      "g4SimHits"                 ""                "SIM"     
vector<SimVertex>                     "g4SimHits"                 ""                "SIM"     
vector<int>                           "genParticles"              ""                "SIM"     
vector<reco::GenJet>                  "ak4GenJets"                ""                "SIM"     
vector<reco::GenJet>                  "ak4GenJetsNoNu"            ""                "SIM"     
vector<reco::GenJet>                  "ak8GenJets"                ""                "SIM"     
vector<reco::GenJet>                  "ak8GenJetsNoNu"            ""                "SIM"     
vector<reco::GenMET>                  "genMetCalo"                ""                "SIM"     
vector<reco::GenMET>                  "genMetTrue"                ""                "SIM"     
vector<reco::GenParticle>             "genParticles"              ""                "SIM"     
GlobalObjectMapRecord                 "hltGtStage2ObjectMap"      ""                "HLT"     
MuonDigiCollection<DTLayerId,DTDigiSimLink>    "simMuonDTDigis"            ""                "HLT"     
ROOT::Math::PositionVector3D<ROOT::Math::Cartesian3D<float>,ROOT::Math::DefaultCoordinateSystemTag>    "genParticles"              "xyz0"            "HLT"     
edm::DetSetVector<RPCDigiSimLink>     "simMuonRPCDigis"           "RPCDigiSimLink"   "HLT"     
edm::DetSetVector<StripDigiSimLink>    "simMuonCSCDigis"           "MuonCSCStripDigiSimLinks"   "HLT"     
edm::DetSetVector<StripDigiSimLink>    "simMuonCSCDigis"           "MuonCSCWireDigiSimLinks"   "HLT"     
edm::HepMCProduct                     "generatorSmeared"          ""                "HLT"     
edm::TriggerResults                   "TriggerResults"            ""                "HLT"     
float                                 "genParticles"              "t0"              "HLT"     
int                                   "addPileupInfo"             "bunchSpacing"    "HLT"     
int                                   "mixData"                   "bunchSpacing"    "HLT"     
vector<PileupSummaryInfo>             "addPileupInfo"             ""                "HLT"     
vector<PileupSummaryInfo>             "mixData"                   ""                "HLT"     
vector<int>                           "genParticles"              ""                "HLT"     
vector<reco::GenJet>                  "ak4GenJets"                ""                "HLT"     
vector<reco::GenJet>                  "ak4GenJetsNoNu"            ""                "HLT"     
vector<reco::GenJet>                  "ak8GenJets"                ""                "HLT"     
vector<reco::GenJet>                  "ak8GenJetsNoNu"            ""                "HLT"     
vector<reco::GenMET>                  "genMetCalo"                ""                "HLT"     
vector<reco::GenMET>                  "genMetTrue"                ""                "HLT"     
vector<reco::GenParticle>             "genParticles"              ""                "HLT"     
trigger::TriggerEvent                 "hltTriggerSummaryAOD"      ""                "HLT"     
BSTRecord                             "tcdsDigis"                 "bstRecord"       "RECO"    
BXVector<GlobalAlgBlk>                "gtStage2Digis"             ""                "RECO"    
BXVector<GlobalExtBlk>                "gtStage2Digis"             ""                "RECO"    
BXVector<l1t::CaloTower>              "caloStage2Digis"           "CaloTower"       "RECO"    
BXVector<l1t::EGamma>                 "caloStage2Digis"           "EGamma"          "RECO"    
BXVector<l1t::EGamma>                 "gtStage2Digis"             "EGamma"          "RECO"    
BXVector<l1t::EGamma>                 "caloStage2Digis"           "MP"              "RECO"    
BXVector<l1t::EtSum>                  "caloStage2Digis"           "EtSum"           "RECO"    
BXVector<l1t::EtSum>                  "gtStage2Digis"             "EtSum"           "RECO"    
BXVector<l1t::EtSum>                  "caloStage2Digis"           "MP"              "RECO"    
BXVector<l1t::Jet>                    "caloStage2Digis"           "Jet"             "RECO"    
BXVector<l1t::Jet>                    "gtStage2Digis"             "Jet"             "RECO"    
BXVector<l1t::Jet>                    "caloStage2Digis"           "MP"              "RECO"    
BXVector<l1t::Muon>                   "gmtStage2Digis"            "Muon"            "RECO"    
BXVector<l1t::Muon>                   "gtStage2Digis"             "Muon"            "RECO"    
BXVector<l1t::Muon>                   "gmtStage2Digis"            "MuonCopy1"       "RECO"    
BXVector<l1t::Muon>                   "gmtStage2Digis"            "MuonCopy2"       "RECO"    
BXVector<l1t::Muon>                   "gmtStage2Digis"            "MuonCopy3"       "RECO"    
BXVector<l1t::Muon>                   "gmtStage2Digis"            "MuonCopy4"       "RECO"    
BXVector<l1t::Muon>                   "gmtStage2Digis"            "MuonCopy5"       "RECO"    
BXVector<l1t::Muon>                   "gmtStage2Digis"            "imdMuonsBMTF"    "RECO"    
BXVector<l1t::Muon>                   "gmtStage2Digis"            "imdMuonsEMTFNeg"   "RECO"    
BXVector<l1t::Muon>                   "gmtStage2Digis"            "imdMuonsEMTFPos"   "RECO"    
BXVector<l1t::Muon>                   "gmtStage2Digis"            "imdMuonsOMTFNeg"   "RECO"    
BXVector<l1t::Muon>                   "gmtStage2Digis"            "imdMuonsOMTFPos"   "RECO"    
BXVector<l1t::RegionalMuonCand>       "gmtStage2Digis"            "BMTF"            "RECO"    
BXVector<l1t::RegionalMuonCand>       "gmtStage2Digis"            "EMTF"            "RECO"    
BXVector<l1t::RegionalMuonCand>       "gmtStage2Digis"            "OMTF"            "RECO"    
BXVector<l1t::Tau>                    "caloStage2Digis"           "MP"              "RECO"    
BXVector<l1t::Tau>                    "caloStage2Digis"           "Tau"             "RECO"    
BXVector<l1t::Tau>                    "gtStage2Digis"             "Tau"             "RECO"    
ClusterSummary                        "clusterSummaryProducer"    ""                "RECO"    
EBDigiCollection                      "selectDigi"                "selectedEcalEBDigiCollection"   "RECO"    
EEDigiCollection                      "selectDigi"                "selectedEcalEEDigiCollection"   "RECO"    
EcalTrigPrimCompactColl               "ecalCompactTrigPrim"       ""                "RECO"    
HcalDataFrameContainer<QIE10DataFrame>    "hcalDigis"                 "ZDC"             "RECO"    
HcalNoiseSummary                      "hcalnoise"                 ""                "RECO"    
HcalUnpackerReport                    "castorDigis"               ""                "RECO"    
HcalUnpackerReport                    "hcalDigis"                 ""                "RECO"    
L1GlobalTriggerReadoutRecord          "gtDigis"                   ""                "RECO"    
L1MuGMTReadoutCollection              "gtDigis"                   ""                "RECO"    
TotemTriggerCounters                  "totemTriggerRawToDigi"     ""                "RECO"    
double                                "fixedGridRhoAll"           ""                "RECO"    
double                                "fixedGridRhoFastjetAll"    ""                "RECO"    
double                                "fixedGridRhoFastjetAllCalo"   ""                "RECO"    
double                                "fixedGridRhoFastjetAllTmp"   ""                "RECO"    
double                                "fixedGridRhoFastjetCentral"   ""                "RECO"    
double                                "fixedGridRhoFastjetCentralCalo"   ""                "RECO"    
double                                "fixedGridRhoFastjetCentralChargedPileUp"   ""                "RECO"    
double                                "fixedGridRhoFastjetCentralNeutral"   ""                "RECO"    
double                                "ak4CaloJets"               "rho"             "RECO"    
double                                "ak4PFJets"                 "rho"             "RECO"    
double                                "ak4PFJetsCHS"              "rho"             "RECO"    
double                                "ak4TrackJets"              "rho"             "RECO"    
double                                "ak5CastorJets"             "rho"             "RECO"    
double                                "ak7CastorJets"             "rho"             "RECO"    
double                                "ak8PFJetsCHS"              "rho"             "RECO"    
double                                "ak8PFJetsCHSSoftDrop"      "rho"             "RECO"    
double                                "cmsTopTagPFJetsCHS"        "rho"             "RECO"    
double                                "ak4CaloJets"               "sigma"           "RECO"    
double                                "ak4PFJets"                 "sigma"           "RECO"    
double                                "ak4PFJetsCHS"              "sigma"           "RECO"    
double                                "ak4TrackJets"              "sigma"           "RECO"    
double                                "ak5CastorJets"             "sigma"           "RECO"    
double                                "ak7CastorJets"             "sigma"           "RECO"    
double                                "ak8PFJetsCHS"              "sigma"           "RECO"    
double                                "ak8PFJetsCHSSoftDrop"      "sigma"           "RECO"    
double                                "cmsTopTagPFJetsCHS"        "sigma"           "RECO"    
edm::Association<vector<reco::DeDxHitInfo> >    "dedxHitInfo"               ""                "RECO"    
edm::Association<vector<reco::Vertex> >    "offlinePrimaryVertices"    ""                "RECO"    
edm::Association<vector<reco::Vertex> >    "offlinePrimaryVerticesWithBS"   ""                "RECO"    
edm::AssociationMap<edm::OneToOne<vector<reco::SuperCluster>,vector<reco::HFEMClusterShape>,unsigned int> >    "hfEMClusters"              ""                "RECO"    
edm::AssociationMap<edm::OneToOne<vector<reco::Track>,vector<reco::Track>,unsigned int> >    "tevMuons"                  "default"         "RECO"    
edm::AssociationMap<edm::OneToOne<vector<reco::Track>,vector<reco::Track>,unsigned int> >    "tevMuons"                  "dyt"             "RECO"    
edm::AssociationMap<edm::OneToOne<vector<reco::Track>,vector<reco::Track>,unsigned int> >    "tevMuons"                  "firstHit"        "RECO"    
edm::AssociationMap<edm::OneToOne<vector<reco::Track>,vector<reco::Track>,unsigned int> >    "tevMuons"                  "picky"           "RECO"    
edm::AssociationVector<edm::RefProd<vector<reco::PFTau> >,vector<edm::Ref<vector<reco::PFTauTransverseImpactParameter>,reco::PFTauTransverseImpactParameter,edm::refhelper::FindUsingAdvance<vector<reco::PFTauTransverseImpactParameter>,reco::PFTauTransverseImpactParameter> > >,edm::Ref<vector<reco::PFTau>,reco::PFTau,edm::refhelper::FindUsingAdvance<vector<reco::PFTau>,reco::PFTau> >,unsigned int,edm::helper::AssociationIdenticalKeyReference>    "hpsPFTauTransverseImpactParameters"   ""                "RECO"    
edm::AssociationVector<edm::RefToBaseProd<reco::Jet>,vector<edm::RefVector<vector<reco::Track>,reco::Track,edm::refhelper::FindUsingAdvance<vector<reco::Track>,reco::Track> > >,edm::RefToBase<reco::Jet>,unsigned int,edm::helper::AssociationIdenticalKeyReference>    "ak4JetTracksAssociatorAtCaloFace"   ""                "RECO"    
edm::AssociationVector<edm::RefToBaseProd<reco::Jet>,vector<edm::RefVector<vector<reco::Track>,reco::Track,edm::refhelper::FindUsingAdvance<vector<reco::Track>,reco::Track> > >,edm::RefToBase<reco::Jet>,unsigned int,edm::helper::AssociationIdenticalKeyReference>    "ak4JetTracksAssociatorAtVertex"   ""                "RECO"    
edm::AssociationVector<edm::RefToBaseProd<reco::Jet>,vector<edm::RefVector<vector<reco::Track>,reco::Track,edm::refhelper::FindUsingAdvance<vector<reco::Track>,reco::Track> > >,edm::RefToBase<reco::Jet>,unsigned int,edm::helper::AssociationIdenticalKeyReference>    "ak4JetTracksAssociatorAtVertexPF"   ""                "RECO"    
edm::AssociationVector<edm::RefToBaseProd<reco::Jet>,vector<edm::RefVector<vector<reco::Track>,reco::Track,edm::refhelper::FindUsingAdvance<vector<reco::Track>,reco::Track> > >,edm::RefToBase<reco::Jet>,unsigned int,edm::helper::AssociationIdenticalKeyReference>    "ak4JetTracksAssociatorExplicit"   ""                "RECO"    
edm::AssociationVector<edm::RefToBaseProd<reco::Jet>,vector<float>,edm::RefToBase<reco::Jet>,unsigned int,edm::helper::AssociationIdenticalKeyReference>    "pfChargeBJetTags"          ""                "RECO"    
edm::AssociationVector<edm::RefToBaseProd<reco::Jet>,vector<float>,edm::RefToBase<reco::Jet>,unsigned int,edm::helper::AssociationIdenticalKeyReference>    "pfCombinedCvsBJetTags"     ""                "RECO"    
edm::AssociationVector<edm::RefToBaseProd<reco::Jet>,vector<float>,edm::RefToBase<reco::Jet>,unsigned int,edm::helper::AssociationIdenticalKeyReference>    "pfCombinedCvsLJetTags"     ""                "RECO"    
edm::AssociationVector<edm::RefToBaseProd<reco::Jet>,vector<float>,edm::RefToBase<reco::Jet>,unsigned int,edm::helper::AssociationIdenticalKeyReference>    "pfCombinedInclusiveSecondaryVertexV2BJetTags"   ""                "RECO"    
edm::AssociationVector<edm::RefToBaseProd<reco::Jet>,vector<float>,edm::RefToBase<reco::Jet>,unsigned int,edm::helper::AssociationIdenticalKeyReference>    "pfCombinedInclusiveSecondaryVertexV2BJetTagsEI"   ""                "RECO"    
edm::AssociationVector<edm::RefToBaseProd<reco::Jet>,vector<float>,edm::RefToBase<reco::Jet>,unsigned int,edm::helper::AssociationIdenticalKeyReference>    "pfCombinedMVAV2BJetTags"   ""                "RECO"    
edm::AssociationVector<edm::RefToBaseProd<reco::Jet>,vector<float>,edm::RefToBase<reco::Jet>,unsigned int,edm::helper::AssociationIdenticalKeyReference>    "pfCombinedSecondaryVertexV2BJetTags"   ""                "RECO"    
edm::AssociationVector<edm::RefToBaseProd<reco::Jet>,vector<float>,edm::RefToBase<reco::Jet>,unsigned int,edm::helper::AssociationIdenticalKeyReference>    "pfGhostTrackBJetTags"      ""                "RECO"    
edm::AssociationVector<edm::RefToBaseProd<reco::Jet>,vector<float>,edm::RefToBase<reco::Jet>,unsigned int,edm::helper::AssociationIdenticalKeyReference>    "pfJetBProbabilityBJetTags"   ""                "RECO"    
edm::AssociationVector<edm::RefToBaseProd<reco::Jet>,vector<float>,edm::RefToBase<reco::Jet>,unsigned int,edm::helper::AssociationIdenticalKeyReference>    "pfJetProbabilityBJetTags"   ""                "RECO"    
edm::AssociationVector<edm::RefToBaseProd<reco::Jet>,vector<float>,edm::RefToBase<reco::Jet>,unsigned int,edm::helper::AssociationIdenticalKeyReference>    "pfSimpleInclusiveSecondaryVertexHighEffBJetTags"   ""                "RECO"    
edm::AssociationVector<edm::RefToBaseProd<reco::Jet>,vector<float>,edm::RefToBase<reco::Jet>,unsigned int,edm::helper::AssociationIdenticalKeyReference>    "pfSimpleSecondaryVertexHighEffBJetTags"   ""                "RECO"    
edm::AssociationVector<edm::RefToBaseProd<reco::Jet>,vector<float>,edm::RefToBase<reco::Jet>,unsigned int,edm::helper::AssociationIdenticalKeyReference>    "pfTrackCountingHighEffBJetTags"   ""                "RECO"    
edm::AssociationVector<edm::RefToBaseProd<reco::Jet>,vector<float>,edm::RefToBase<reco::Jet>,unsigned int,edm::helper::AssociationIdenticalKeyReference>    "softPFElectronBJetTags"    ""                "RECO"    
edm::AssociationVector<edm::RefToBaseProd<reco::Jet>,vector<float>,edm::RefToBase<reco::Jet>,unsigned int,edm::helper::AssociationIdenticalKeyReference>    "softPFMuonBJetTags"        ""                "RECO"    
edm::AssociationVector<edm::RefToBaseProd<reco::Jet>,vector<float>,edm::RefToBase<reco::Jet>,unsigned int,edm::helper::AssociationIdenticalKeyReference>    "pfDeepCMVAJetTags"         "probb"           "RECO"    
edm::AssociationVector<edm::RefToBaseProd<reco::Jet>,vector<float>,edm::RefToBase<reco::Jet>,unsigned int,edm::helper::AssociationIdenticalKeyReference>    "pfDeepCSVJetTags"          "probb"           "RECO"    
edm::AssociationVector<edm::RefToBaseProd<reco::Jet>,vector<float>,edm::RefToBase<reco::Jet>,unsigned int,edm::helper::AssociationIdenticalKeyReference>    "pfDeepCMVAJetTags"         "probbb"          "RECO"    
edm::AssociationVector<edm::RefToBaseProd<reco::Jet>,vector<float>,edm::RefToBase<reco::Jet>,unsigned int,edm::helper::AssociationIdenticalKeyReference>    "pfDeepCSVJetTags"          "probbb"          "RECO"    
edm::AssociationVector<edm::RefToBaseProd<reco::Jet>,vector<float>,edm::RefToBase<reco::Jet>,unsigned int,edm::helper::AssociationIdenticalKeyReference>    "pfDeepCMVAJetTags"         "probc"           "RECO"    
edm::AssociationVector<edm::RefToBaseProd<reco::Jet>,vector<float>,edm::RefToBase<reco::Jet>,unsigned int,edm::helper::AssociationIdenticalKeyReference>    "pfDeepCSVJetTags"          "probc"           "RECO"    
edm::AssociationVector<edm::RefToBaseProd<reco::Jet>,vector<float>,edm::RefToBase<reco::Jet>,unsigned int,edm::helper::AssociationIdenticalKeyReference>    "pfDeepCMVAJetTags"         "probcc"          "RECO"    
edm::AssociationVector<edm::RefToBaseProd<reco::Jet>,vector<float>,edm::RefToBase<reco::Jet>,unsigned int,edm::helper::AssociationIdenticalKeyReference>    "pfDeepCMVAJetTags"         "probudsg"        "RECO"    
edm::AssociationVector<edm::RefToBaseProd<reco::Jet>,vector<float>,edm::RefToBase<reco::Jet>,unsigned int,edm::helper::AssociationIdenticalKeyReference>    "pfDeepCSVJetTags"          "probudsg"        "RECO"    
edm::AssociationVector<edm::RefToBaseProd<reco::Jet>,vector<reco::JetExtendedAssociation::JetExtendedData>,edm::RefToBase<reco::Jet>,unsigned int,edm::helper::AssociationIdenticalKeyReference>    "ak4JetExtender"            ""                "RECO"    
edm::DetSetVector<CTPPSDiamondDigi>    "ctppsDiamondRawToDigi"     "TimingDiamond"   "RECO"    
edm::DetSetVector<CTPPSDiamondLocalTrack>    "ctppsDiamondLocalTracks"   ""                "RECO"    
edm::DetSetVector<CTPPSDiamondRecHit>    "ctppsDiamondRecHits"       ""                "RECO"    
edm::DetSetVector<CTPPSPixelCluster>    "ctppsPixelClusters"        ""                "RECO"    
edm::DetSetVector<CTPPSPixelDigi>     "ctppsPixelDigis"           ""                "RECO"    
edm::DetSetVector<TotemRPCluster>     "totemRPClusterProducer"    ""                "RECO"    
edm::DetSetVector<TotemRPDigi>        "totemRPRawToDigi"          "TrackingStrip"   "RECO"    
edm::DetSetVector<TotemRPLocalTrack>    "totemRPLocalTrackFitter"   ""                "RECO"    
edm::DetSetVector<TotemRPRecHit>      "totemRPRecHitProducer"     ""                "RECO"    
edm::DetSetVector<TotemRPUVPattern>    "totemRPUVPatternFinder"    ""                "RECO"    
edm::DetSetVector<TotemVFATStatus>    "ctppsDiamondRawToDigi"     "TimingDiamond"   "RECO"    
edm::DetSetVector<TotemVFATStatus>    "totemRPRawToDigi"          "TrackingStrip"   "RECO"    
edm::EDCollection<DetId>              "siPixelDigis"              ""                "RECO"    
edm::EDCollection<DetId>              "siStripDigis"              ""                "RECO"    
edm::EDCollection<DetId>              "siPixelDigis"              "UserErrorModules"   "RECO"    
edm::OwnVector<TrackingRecHit,edm::ClonePolicy<TrackingRecHit> >    "ckfInOutTracksFromConversions"   ""                "RECO"    
edm::OwnVector<TrackingRecHit,edm::ClonePolicy<TrackingRecHit> >    "ckfOutInTracksFromConversions"   ""                "RECO"    
edm::OwnVector<TrackingRecHit,edm::ClonePolicy<TrackingRecHit> >    "conversionStepTracks"      ""                "RECO"    
edm::OwnVector<TrackingRecHit,edm::ClonePolicy<TrackingRecHit> >    "cosmicDCTracks"            ""                "RECO"    
edm::OwnVector<TrackingRecHit,edm::ClonePolicy<TrackingRecHit> >    "cosmicMuons"               ""                "RECO"    
edm::OwnVector<TrackingRecHit,edm::ClonePolicy<TrackingRecHit> >    "cosmicMuons1Leg"           ""                "RECO"    
edm::OwnVector<TrackingRecHit,edm::ClonePolicy<TrackingRecHit> >    "displacedGlobalMuons"      ""                "RECO"    
edm::OwnVector<TrackingRecHit,edm::ClonePolicy<TrackingRecHit> >    "displacedStandAloneMuons"   ""                "RECO"    
edm::OwnVector<TrackingRecHit,edm::ClonePolicy<TrackingRecHit> >    "electronGsfTracks"         ""                "RECO"    
edm::OwnVector<TrackingRecHit,edm::ClonePolicy<TrackingRecHit> >    "generalTracks"             ""                "RECO"    
edm::OwnVector<TrackingRecHit,edm::ClonePolicy<TrackingRecHit> >    "globalMuons"               ""                "RECO"    
edm::OwnVector<TrackingRecHit,edm::ClonePolicy<TrackingRecHit> >    "refittedStandAloneMuons"   ""                "RECO"    
edm::OwnVector<TrackingRecHit,edm::ClonePolicy<TrackingRecHit> >    "standAloneMuons"           ""                "RECO"    
edm::OwnVector<TrackingRecHit,edm::ClonePolicy<TrackingRecHit> >    "uncleanedOnlyCkfInOutTracksFromConversions"   ""                "RECO"    
edm::OwnVector<TrackingRecHit,edm::ClonePolicy<TrackingRecHit> >    "uncleanedOnlyCkfOutInTracksFromConversions"   ""                "RECO"    
edm::OwnVector<TrackingRecHit,edm::ClonePolicy<TrackingRecHit> >    "tevMuons"                  "default"         "RECO"    
edm::OwnVector<TrackingRecHit,edm::ClonePolicy<TrackingRecHit> >    "tevMuons"                  "dyt"             "RECO"    
edm::OwnVector<TrackingRecHit,edm::ClonePolicy<TrackingRecHit> >    "tevMuons"                  "firstHit"        "RECO"    
edm::OwnVector<TrackingRecHit,edm::ClonePolicy<TrackingRecHit> >    "tevMuons"                  "picky"           "RECO"    
edm::RangeMap<CSCDetId,edm::OwnVector<CSCRecHit2D,edm::ClonePolicy<CSCRecHit2D> >,edm::ClonePolicy<CSCRecHit2D> >    "csc2DRecHits"              ""                "RECO"    
edm::RangeMap<CSCDetId,edm::OwnVector<CSCSegment,edm::ClonePolicy<CSCSegment> >,edm::ClonePolicy<CSCSegment> >    "cscSegments"               ""                "RECO"    
edm::RangeMap<DTChamberId,edm::OwnVector<DTRecSegment4D,edm::ClonePolicy<DTRecSegment4D> >,edm::ClonePolicy<DTRecSegment4D> >    "dt4DCosmicSegments"        ""                "RECO"    
edm::RangeMap<DTChamberId,edm::OwnVector<DTRecSegment4D,edm::ClonePolicy<DTRecSegment4D> >,edm::ClonePolicy<DTRecSegment4D> >    "dt4DSegments"              ""                "RECO"    
edm::RangeMap<DTLayerId,edm::OwnVector<DTRecHit1DPair,edm::ClonePolicy<DTRecHit1DPair> >,edm::ClonePolicy<DTRecHit1DPair> >    "dt1DCosmicRecHits"         ""                "RECO"    
edm::RangeMap<DTLayerId,edm::OwnVector<DTRecHit1DPair,edm::ClonePolicy<DTRecHit1DPair> >,edm::ClonePolicy<DTRecHit1DPair> >    "dt1DRecHits"               ""                "RECO"    
edm::RangeMap<RPCDetId,edm::OwnVector<RPCRecHit,edm::ClonePolicy<RPCRecHit> >,edm::ClonePolicy<RPCRecHit> >    "rpcRecHits"                ""                "RECO"    
edm::SortedCollection<CaloTower,edm::StrictWeakOrdering<CaloTower> >    "towerMaker"                ""                "RECO"    
edm::SortedCollection<CastorRecHit,edm::StrictWeakOrdering<CastorRecHit> >    "castorreco"                ""                "RECO"    
edm::SortedCollection<EBSrFlag,edm::StrictWeakOrdering<EBSrFlag> >    "ecalDigis"                 ""                "RECO"    
edm::SortedCollection<EESrFlag,edm::StrictWeakOrdering<EESrFlag> >    "ecalDigis"                 ""                "RECO"    
edm::SortedCollection<EcalRecHit,edm::StrictWeakOrdering<EcalRecHit> >    "reducedEcalRecHitsEB"      ""                "RECO"    
edm::SortedCollection<EcalRecHit,edm::StrictWeakOrdering<EcalRecHit> >    "reducedEcalRecHitsEE"      ""                "RECO"    
edm::SortedCollection<EcalRecHit,edm::StrictWeakOrdering<EcalRecHit> >    "reducedEcalRecHitsES"      ""                "RECO"    
edm::SortedCollection<EcalRecHit,edm::StrictWeakOrdering<EcalRecHit> >    "ecalRecHit"                "EcalRecHitsEB"   "RECO"    
edm::SortedCollection<EcalRecHit,edm::StrictWeakOrdering<EcalRecHit> >    "ecalRecHit"                "EcalRecHitsEE"   "RECO"    
edm::SortedCollection<EcalRecHit,edm::StrictWeakOrdering<EcalRecHit> >    "ecalPreshowerRecHit"       "EcalRecHitsES"   "RECO"    
edm::SortedCollection<EcalTriggerPrimitiveDigi,edm::StrictWeakOrdering<EcalTriggerPrimitiveDigi> >    "ecalTPSkim"                ""                "RECO"    
edm::SortedCollection<HBHERecHit,edm::StrictWeakOrdering<HBHERecHit> >    "hbheprereco"               ""                "RECO"    
edm::SortedCollection<HBHERecHit,edm::StrictWeakOrdering<HBHERecHit> >    "hbhereco"                  ""                "RECO"    
edm::SortedCollection<HBHERecHit,edm::StrictWeakOrdering<HBHERecHit> >    "reducedHcalRecHits"        "hbhereco"        "RECO"    
edm::SortedCollection<HFPreRecHit,edm::StrictWeakOrdering<HFPreRecHit> >    "hfprereco"                 ""                "RECO"    
edm::SortedCollection<HFRecHit,edm::StrictWeakOrdering<HFRecHit> >    "hfreco"                    ""                "RECO"    
edm::SortedCollection<HFRecHit,edm::StrictWeakOrdering<HFRecHit> >    "reducedHcalRecHits"        "hfreco"          "RECO"    
edm::SortedCollection<HORecHit,edm::StrictWeakOrdering<HORecHit> >    "horeco"                    ""                "RECO"    
edm::SortedCollection<HORecHit,edm::StrictWeakOrdering<HORecHit> >    "reducedHcalRecHits"        "horeco"          "RECO"    
edm::SortedCollection<ZDCDataFrame,edm::StrictWeakOrdering<ZDCDataFrame> >    "castorDigis"               ""                "RECO"    
edm::SortedCollection<ZDCDataFrame,edm::StrictWeakOrdering<ZDCDataFrame> >    "hcalDigis"                 ""                "RECO"    
edm::SortedCollection<ZDCRecHit,edm::StrictWeakOrdering<ZDCRecHit> >    "zdcreco"                   ""                "RECO"    
edm::TriggerResults                   "TriggerResults"            ""                "RECO"    
edm::ValueMap<bool>                   "chargedHadronPFTrackIsolation"   ""                "RECO"    
edm::ValueMap<bool>                   "PhotonIDProd"              "PhotonCutBasedIDLoose"   "RECO"    
edm::ValueMap<bool>                   "PhotonIDProdGED"           "PhotonCutBasedIDLoose"   "RECO"    
edm::ValueMap<bool>                   "PhotonIDProd"              "PhotonCutBasedIDLooseEM"   "RECO"    
edm::ValueMap<bool>                   "PhotonIDProdGED"           "PhotonCutBasedIDLooseEM"   "RECO"    
edm::ValueMap<bool>                   "PhotonIDProd"              "PhotonCutBasedIDTight"   "RECO"    
edm::ValueMap<bool>                   "PhotonIDProdGED"           "PhotonCutBasedIDTight"   "RECO"    
edm::ValueMap<bool>                   "muons"                     "muidAllArbitrated"   "RECO"    
edm::ValueMap<bool>                   "muons"                     "muidGMStaChiCompatibility"   "RECO"    
edm::ValueMap<bool>                   "muons"                     "muidGMTkChiCompatibility"   "RECO"    
edm::ValueMap<bool>                   "muons"                     "muidGMTkKinkTight"   "RECO"    
edm::ValueMap<bool>                   "muons"                     "muidGlobalMuonPromptTight"   "RECO"    
edm::ValueMap<bool>                   "muons"                     "muidRPCMuLoose"   "RECO"    
edm::ValueMap<bool>                   "muons"                     "muidTM2DCompatibilityLoose"   "RECO"    
edm::ValueMap<bool>                   "muons"                     "muidTM2DCompatibilityTight"   "RECO"    
edm::ValueMap<bool>                   "muons"                     "muidTMLastStationAngLoose"   "RECO"    
edm::ValueMap<bool>                   "muons"                     "muidTMLastStationAngTight"   "RECO"    
edm::ValueMap<bool>                   "muons"                     "muidTMLastStationLoose"   "RECO"    
edm::ValueMap<bool>                   "muons"                     "muidTMLastStationOptimizedLowPtLoose"   "RECO"    
edm::ValueMap<bool>                   "muons"                     "muidTMLastStationOptimizedLowPtTight"   "RECO"    
edm::ValueMap<bool>                   "muons"                     "muidTMLastStationTight"   "RECO"    
edm::ValueMap<bool>                   "muons"                     "muidTMOneStationAngLoose"   "RECO"    
edm::ValueMap<bool>                   "muons"                     "muidTMOneStationAngTight"   "RECO"    
edm::ValueMap<bool>                   "muons"                     "muidTMOneStationLoose"   "RECO"    
edm::ValueMap<bool>                   "muons"                     "muidTMOneStationTight"   "RECO"    
edm::ValueMap<bool>                   "muons"                     "muidTrackerMuonArbitrated"   "RECO"    
edm::ValueMap<double>                 "muons"                     "muPFMeanDRIsoValueCharged03"   "RECO"    
edm::ValueMap<double>                 "muons"                     "muPFMeanDRIsoValueCharged04"   "RECO"    
edm::ValueMap<double>                 "muons"                     "muPFMeanDRIsoValueChargedAll03"   "RECO"    
edm::ValueMap<double>                 "muons"                     "muPFMeanDRIsoValueChargedAll04"   "RECO"    
edm::ValueMap<double>                 "muons"                     "muPFMeanDRIsoValueGamma03"   "RECO"    
edm::ValueMap<double>                 "muons"                     "muPFMeanDRIsoValueGamma04"   "RECO"    
edm::ValueMap<double>                 "muons"                     "muPFMeanDRIsoValueGammaHighThreshold03"   "RECO"    
edm::ValueMap<double>                 "muons"                     "muPFMeanDRIsoValueGammaHighThreshold04"   "RECO"    
edm::ValueMap<double>                 "muons"                     "muPFMeanDRIsoValueNeutral03"   "RECO"    
edm::ValueMap<double>                 "muons"                     "muPFMeanDRIsoValueNeutral04"   "RECO"    
edm::ValueMap<double>                 "muons"                     "muPFMeanDRIsoValueNeutralHighThreshold03"   "RECO"    
edm::ValueMap<double>                 "muons"                     "muPFMeanDRIsoValueNeutralHighThreshold04"   "RECO"    
edm::ValueMap<double>                 "muons"                     "muPFMeanDRIsoValuePU03"   "RECO"    
edm::ValueMap<double>                 "muons"                     "muPFMeanDRIsoValuePU04"   "RECO"    
edm::ValueMap<double>                 "muons"                     "muPFSumDRIsoValueCharged03"   "RECO"    
edm::ValueMap<double>                 "muons"                     "muPFSumDRIsoValueCharged04"   "RECO"    
edm::ValueMap<double>                 "muons"                     "muPFSumDRIsoValueChargedAll03"   "RECO"    
edm::ValueMap<double>                 "muons"                     "muPFSumDRIsoValueChargedAll04"   "RECO"    
edm::ValueMap<double>                 "muons"                     "muPFSumDRIsoValueGamma03"   "RECO"    
edm::ValueMap<double>                 "muons"                     "muPFSumDRIsoValueGamma04"   "RECO"    
edm::ValueMap<double>                 "muons"                     "muPFSumDRIsoValueGammaHighThreshold03"   "RECO"    
edm::ValueMap<double>                 "muons"                     "muPFSumDRIsoValueGammaHighThreshold04"   "RECO"    
edm::ValueMap<double>                 "muons"                     "muPFSumDRIsoValueNeutral03"   "RECO"    
edm::ValueMap<double>                 "muons"                     "muPFSumDRIsoValueNeutral04"   "RECO"    
edm::ValueMap<double>                 "muons"                     "muPFSumDRIsoValueNeutralHighThreshold03"   "RECO"    
edm::ValueMap<double>                 "muons"                     "muPFSumDRIsoValueNeutralHighThreshold04"   "RECO"    
edm::ValueMap<double>                 "muons"                     "muPFSumDRIsoValuePU03"   "RECO"    
edm::ValueMap<double>                 "muons"                     "muPFSumDRIsoValuePU04"   "RECO"    
edm::ValueMap<edm::Ptr<reco::CaloCluster> >    "particleFlowSuperClusterECAL"   "PFClusterAssociationEBEE"   "RECO"    
edm::ValueMap<edm::Ptr<reco::CaloCluster> >    "particleFlowSuperClusterOOTECAL"   "PFClusterAssociationEBEE"   "RECO"    
edm::ValueMap<edm::Ptr<reco::CaloCluster> >    "particleFlowSuperClusterECAL"   "PFClusterAssociationES"   "RECO"    
edm::ValueMap<edm::Ptr<reco::CaloCluster> >    "particleFlowSuperClusterOOTECAL"   "PFClusterAssociationES"   "RECO"    
edm::ValueMap<edm::Ptr<reco::PFCandidate> >    "particleFlow"              "electrons"       "RECO"    
edm::ValueMap<edm::Ptr<reco::PFCandidate> >    "particleFlow"              "muons"           "RECO"    
edm::ValueMap<edm::Ptr<reco::PFCandidate> >    "particleFlow"              "photons"         "RECO"    
edm::ValueMap<edm::Ref<vector<reco::Photon>,reco::Photon,edm::refhelper::FindUsingAdvance<vector<reco::Photon>,reco::Photon> > >    "gedPhotons"                "valMapPFEgammaCandToPhoton"   "RECO"    
edm::ValueMap<edm::Ref<vector<reco::PreId>,reco::PreId,edm::refhelper::FindUsingAdvance<vector<reco::PreId>,reco::PreId> > >    "trackerDrivenElectronSeeds"   "preid"           "RECO"    
edm::ValueMap<float>                  "ak8PFJetsCHSSoftDropMass"   ""                "RECO"    
edm::ValueMap<float>                  "eidLoose"                  ""                "RECO"    
edm::ValueMap<float>                  "eidRobustHighEnergy"       ""                "RECO"    
edm::ValueMap<float>                  "eidRobustLoose"            ""                "RECO"    
edm::ValueMap<float>                  "eidRobustTight"            ""                "RECO"    
edm::ValueMap<float>                  "eidTight"                  ""                "RECO"    
edm::ValueMap<float>                  "electronEcalPFClusterIsolationProducer"   ""                "RECO"    
edm::ValueMap<float>                  "electronHcalPFClusterIsolationProducer"   ""                "RECO"    
edm::ValueMap<float>                  "offlinePrimaryVertices"    ""                "RECO"    
edm::ValueMap<float>                  "offlinePrimaryVerticesWithBS"   ""                "RECO"    
edm::ValueMap<float>                  "ootPhotonEcalPFClusterIsolationProducer"   ""                "RECO"    
edm::ValueMap<float>                  "ootPhotonHcalPFClusterIsolationProducer"   ""                "RECO"    
edm::ValueMap<float>                  "photonEcalPFClusterIsolationProducer"   ""                "RECO"    
edm::ValueMap<float>                  "photonHcalPFClusterIsolationProducer"   ""                "RECO"    
edm::ValueMap<int>                    "offlinePrimaryVertices"    ""                "RECO"    
edm::ValueMap<int>                    "offlinePrimaryVerticesWithBS"   ""                "RECO"    
edm::ValueMap<reco::CastorJetID>      "ak5CastorJetID"            ""                "RECO"    
edm::ValueMap<reco::CastorJetID>      "ak7CastorJetID"            ""                "RECO"    
edm::ValueMap<reco::DeDxData>         "dedxHarmonic2"             ""                "RECO"    
edm::ValueMap<reco::DeDxData>         "dedxPixelHarmonic2"        ""                "RECO"    
edm::ValueMap<reco::DeDxData>         "dedxTruncated40"           ""                "RECO"    
edm::ValueMap<reco::IsoDeposit>       "muIsoDepositJets"          ""                "RECO"    
edm::ValueMap<reco::IsoDeposit>       "muIsoDepositTk"            ""                "RECO"    
edm::ValueMap<reco::IsoDeposit>       "muIsoDepositCalByAssociatorTowers"   "ecal"            "RECO"    
edm::ValueMap<reco::IsoDeposit>       "muIsoDepositCalByAssociatorTowers"   "hcal"            "RECO"    
edm::ValueMap<reco::IsoDeposit>       "muIsoDepositCalByAssociatorTowers"   "ho"              "RECO"    
edm::ValueMap<reco::JetID>            "ak4JetID"                  ""                "RECO"    
edm::ValueMap<reco::MuonCosmicCompatibility>    "muons"                     "cosmicsVeto"     "RECO"    
edm::ValueMap<reco::MuonMETCorrectionData>    "muonMETValueMapProducer"   "muCorrData"      "RECO"    
edm::ValueMap<reco::MuonShower>       "muons"                     "muonShowerInformation"   "RECO"    
edm::ValueMap<reco::MuonTimeExtra>    "muons"                     "combined"        "RECO"    
edm::ValueMap<reco::MuonTimeExtra>    "muons"                     "csc"             "RECO"    
edm::ValueMap<reco::MuonTimeExtra>    "muons"                     "dt"              "RECO"    
edm::ValueMap<vector<edm::Ref<vector<reco::PFCandidate>,reco::PFCandidate,edm::refhelper::FindUsingAdvance<vector<reco::PFCandidate>,reco::PFCandidate> > > >    "particleBasedIsolation"    "gedGsfElectrons"   "RECO"    
edm::ValueMap<vector<edm::Ref<vector<reco::PFCandidate>,reco::PFCandidate,edm::refhelper::FindUsingAdvance<vector<reco::PFCandidate>,reco::PFCandidate> > > >    "particleBasedIsolation"    "gedPhotons"      "RECO"    
edm::ValueMap<unsigned int>           "muons"                     "cosmicsVeto"     "RECO"    
edmNew::DetSetVector<SiPixelCluster>    "siPixelClusters"           ""                "RECO"    
edmNew::DetSetVector<SiStripCluster>    "siStripClusters"           ""                "RECO"    
int                                   "tcdsDigis"                 "nibble"          "RECO"    
long                                  "tcdsDigis"                 "triggerCount"    "RECO"    
reco::BeamHaloSummary                 "BeamHaloSummary"           ""                "RECO"    
reco::BeamSpot                        "offlineBeamSpot"           ""                "RECO"    
reco::CSCHaloData                     "CSCHaloData"               ""                "RECO"    
reco::EcalHaloData                    "EcalHaloData"              ""                "RECO"    
reco::GlobalHaloData                  "GlobalHaloData"            ""                "RECO"    
reco::HcalHaloData                    "HcalHaloData"              ""                "RECO"    
reco::PFTauDiscriminator              "hpsPFTauChargedIsoPtSum"   ""                "RECO"    
reco::PFTauDiscriminator              "hpsPFTauChargedIsoPtSumdR03"   ""                "RECO"    
reco::PFTauDiscriminator              "hpsPFTauDiscriminationByDeadECALElectronRejection"   ""                "RECO"    
reco::PFTauDiscriminator              "hpsPFTauDiscriminationByDecayModeFinding"   ""                "RECO"    
reco::PFTauDiscriminator              "hpsPFTauDiscriminationByDecayModeFindingNewDMs"   ""                "RECO"    
reco::PFTauDiscriminator              "hpsPFTauDiscriminationByDecayModeFindingOldDMs"   ""                "RECO"    
reco::PFTauDiscriminator              "hpsPFTauDiscriminationByIsolationMVArun2v1DBdR03oldDMwLTraw"   ""                "RECO"    
reco::PFTauDiscriminator              "hpsPFTauDiscriminationByIsolationMVArun2v1DBnewDMwLTraw"   ""                "RECO"    
reco::PFTauDiscriminator              "hpsPFTauDiscriminationByIsolationMVArun2v1DBoldDMwLTraw"   ""                "RECO"    
reco::PFTauDiscriminator              "hpsPFTauDiscriminationByIsolationMVArun2v1PWdR03oldDMwLTraw"   ""                "RECO"    
reco::PFTauDiscriminator              "hpsPFTauDiscriminationByIsolationMVArun2v1PWnewDMwLTraw"   ""                "RECO"    
reco::PFTauDiscriminator              "hpsPFTauDiscriminationByIsolationMVArun2v1PWoldDMwLTraw"   ""                "RECO"    
reco::PFTauDiscriminator              "hpsPFTauDiscriminationByLooseChargedIsolation"   ""                "RECO"    
reco::PFTauDiscriminator              "hpsPFTauDiscriminationByLooseCombinedIsolationDBSumPtCorr3Hits"   ""                "RECO"    
reco::PFTauDiscriminator              "hpsPFTauDiscriminationByLooseCombinedIsolationDBSumPtCorr3HitsdR03"   ""                "RECO"    
reco::PFTauDiscriminator              "hpsPFTauDiscriminationByLooseElectronRejection"   ""                "RECO"    
reco::PFTauDiscriminator              "hpsPFTauDiscriminationByLooseIsolation"   ""                "RECO"    
reco::PFTauDiscriminator              "hpsPFTauDiscriminationByLooseIsolationMVArun2v1DBdR03oldDMwLT"   ""                "RECO"    
reco::PFTauDiscriminator              "hpsPFTauDiscriminationByLooseIsolationMVArun2v1DBnewDMwLT"   ""                "RECO"    
reco::PFTauDiscriminator              "hpsPFTauDiscriminationByLooseIsolationMVArun2v1DBoldDMwLT"   ""                "RECO"    
reco::PFTauDiscriminator              "hpsPFTauDiscriminationByLooseIsolationMVArun2v1PWdR03oldDMwLT"   ""                "RECO"    
reco::PFTauDiscriminator              "hpsPFTauDiscriminationByLooseIsolationMVArun2v1PWnewDMwLT"   ""                "RECO"    
reco::PFTauDiscriminator              "hpsPFTauDiscriminationByLooseIsolationMVArun2v1PWoldDMwLT"   ""                "RECO"    
reco::PFTauDiscriminator              "hpsPFTauDiscriminationByLooseMuonRejection3"   ""                "RECO"    
reco::PFTauDiscriminator              "hpsPFTauDiscriminationByMVA6LooseElectronRejection"   ""                "RECO"    
reco::PFTauDiscriminator              "hpsPFTauDiscriminationByMVA6MediumElectronRejection"   ""                "RECO"    
reco::PFTauDiscriminator              "hpsPFTauDiscriminationByMVA6TightElectronRejection"   ""                "RECO"    
reco::PFTauDiscriminator              "hpsPFTauDiscriminationByMVA6VLooseElectronRejection"   ""                "RECO"    
reco::PFTauDiscriminator              "hpsPFTauDiscriminationByMVA6VTightElectronRejection"   ""                "RECO"    
reco::PFTauDiscriminator              "hpsPFTauDiscriminationByMVA6rawElectronRejection"   ""                "RECO"    
reco::PFTauDiscriminator              "hpsPFTauDiscriminationByMediumCombinedIsolationDBSumPtCorr3Hits"   ""                "RECO"    
reco::PFTauDiscriminator              "hpsPFTauDiscriminationByMediumCombinedIsolationDBSumPtCorr3HitsdR03"   ""                "RECO"    
reco::PFTauDiscriminator              "hpsPFTauDiscriminationByMediumIsolationMVArun2v1DBdR03oldDMwLT"   ""                "RECO"    
reco::PFTauDiscriminator              "hpsPFTauDiscriminationByMediumIsolationMVArun2v1DBnewDMwLT"   ""                "RECO"    
reco::PFTauDiscriminator              "hpsPFTauDiscriminationByMediumIsolationMVArun2v1DBoldDMwLT"   ""                "RECO"    
reco::PFTauDiscriminator              "hpsPFTauDiscriminationByMediumIsolationMVArun2v1PWdR03oldDMwLT"   ""                "RECO"    
reco::PFTauDiscriminator              "hpsPFTauDiscriminationByMediumIsolationMVArun2v1PWnewDMwLT"   ""                "RECO"    
reco::PFTauDiscriminator              "hpsPFTauDiscriminationByMediumIsolationMVArun2v1PWoldDMwLT"   ""                "RECO"    
reco::PFTauDiscriminator              "hpsPFTauDiscriminationByPhotonPtSumOutsideSignalCone"   ""                "RECO"    
reco::PFTauDiscriminator              "hpsPFTauDiscriminationByRawCombinedIsolationDBSumPtCorr3Hits"   ""                "RECO"    
reco::PFTauDiscriminator              "hpsPFTauDiscriminationByTightCombinedIsolationDBSumPtCorr3Hits"   ""                "RECO"    
reco::PFTauDiscriminator              "hpsPFTauDiscriminationByTightCombinedIsolationDBSumPtCorr3HitsdR03"   ""                "RECO"    
reco::PFTauDiscriminator              "hpsPFTauDiscriminationByTightIsolationMVArun2v1DBdR03oldDMwLT"   ""                "RECO"    
reco::PFTauDiscriminator              "hpsPFTauDiscriminationByTightIsolationMVArun2v1DBnewDMwLT"   ""                "RECO"    
reco::PFTauDiscriminator              "hpsPFTauDiscriminationByTightIsolationMVArun2v1DBoldDMwLT"   ""                "RECO"    
reco::PFTauDiscriminator              "hpsPFTauDiscriminationByTightIsolationMVArun2v1PWdR03oldDMwLT"   ""                "RECO"    
reco::PFTauDiscriminator              "hpsPFTauDiscriminationByTightIsolationMVArun2v1PWnewDMwLT"   ""                "RECO"    
reco::PFTauDiscriminator              "hpsPFTauDiscriminationByTightIsolationMVArun2v1PWoldDMwLT"   ""                "RECO"    
reco::PFTauDiscriminator              "hpsPFTauDiscriminationByTightMuonRejection3"   ""                "RECO"    
reco::PFTauDiscriminator              "hpsPFTauDiscriminationByVLooseIsolationMVArun2v1DBdR03oldDMwLT"   ""                "RECO"    
reco::PFTauDiscriminator              "hpsPFTauDiscriminationByVLooseIsolationMVArun2v1DBnewDMwLT"   ""                "RECO"    
reco::PFTauDiscriminator              "hpsPFTauDiscriminationByVLooseIsolationMVArun2v1DBoldDMwLT"   ""                "RECO"    
reco::PFTauDiscriminator              "hpsPFTauDiscriminationByVLooseIsolationMVArun2v1PWdR03oldDMwLT"   ""                "RECO"    
reco::PFTauDiscriminator              "hpsPFTauDiscriminationByVLooseIsolationMVArun2v1PWnewDMwLT"   ""                "RECO"    
reco::PFTauDiscriminator              "hpsPFTauDiscriminationByVLooseIsolationMVArun2v1PWoldDMwLT"   ""                "RECO"    
reco::PFTauDiscriminator              "hpsPFTauDiscriminationByVTightIsolationMVArun2v1DBdR03oldDMwLT"   ""                "RECO"    
reco::PFTauDiscriminator              "hpsPFTauDiscriminationByVTightIsolationMVArun2v1DBnewDMwLT"   ""                "RECO"    
reco::PFTauDiscriminator              "hpsPFTauDiscriminationByVTightIsolationMVArun2v1DBoldDMwLT"   ""                "RECO"    
reco::PFTauDiscriminator              "hpsPFTauDiscriminationByVTightIsolationMVArun2v1PWdR03oldDMwLT"   ""                "RECO"    
reco::PFTauDiscriminator              "hpsPFTauDiscriminationByVTightIsolationMVArun2v1PWnewDMwLT"   ""                "RECO"    
reco::PFTauDiscriminator              "hpsPFTauDiscriminationByVTightIsolationMVArun2v1PWoldDMwLT"   ""                "RECO"    
reco::PFTauDiscriminator              "hpsPFTauDiscriminationByVVTightIsolationMVArun2v1DBdR03oldDMwLT"   ""                "RECO"    
reco::PFTauDiscriminator              "hpsPFTauDiscriminationByVVTightIsolationMVArun2v1DBnewDMwLT"   ""                "RECO"    
reco::PFTauDiscriminator              "hpsPFTauDiscriminationByVVTightIsolationMVArun2v1DBoldDMwLT"   ""                "RECO"    
reco::PFTauDiscriminator              "hpsPFTauDiscriminationByVVTightIsolationMVArun2v1PWdR03oldDMwLT"   ""                "RECO"    
reco::PFTauDiscriminator              "hpsPFTauDiscriminationByVVTightIsolationMVArun2v1PWnewDMwLT"   ""                "RECO"    
reco::PFTauDiscriminator              "hpsPFTauDiscriminationByVVTightIsolationMVArun2v1PWoldDMwLT"   ""                "RECO"    
reco::PFTauDiscriminator              "hpsPFTauFootprintCorrection"   ""                "RECO"    
reco::PFTauDiscriminator              "hpsPFTauFootprintCorrectiondR03"   ""                "RECO"    
reco::PFTauDiscriminator              "hpsPFTauNeutralIsoPtSum"   ""                "RECO"    
reco::PFTauDiscriminator              "hpsPFTauNeutralIsoPtSumWeight"   ""                "RECO"    
reco::PFTauDiscriminator              "hpsPFTauNeutralIsoPtSumWeightdR03"   ""                "RECO"    
reco::PFTauDiscriminator              "hpsPFTauNeutralIsoPtSumdR03"   ""                "RECO"    
reco::PFTauDiscriminator              "hpsPFTauPUcorrPtSum"       ""                "RECO"    
reco::PFTauDiscriminator              "hpsPFTauPhotonPtSumOutsideSignalCone"   ""                "RECO"    
reco::PFTauDiscriminator              "hpsPFTauPhotonPtSumOutsideSignalConedR03"   ""                "RECO"    
reco::PFTauDiscriminator              "pfTausDiscriminationByDecayModeFinding"   ""                "RECO"    
reco::PFTauDiscriminator              "pfTausDiscriminationByIsolation"   ""                "RECO"    
reco::PFTauDiscriminator              "hpsPFTauDiscriminationByIsolationMVArun2v1DBdR03oldDMwLTraw"   "category"        "RECO"    
reco::PFTauDiscriminator              "hpsPFTauDiscriminationByIsolationMVArun2v1DBnewDMwLTraw"   "category"        "RECO"    
reco::PFTauDiscriminator              "hpsPFTauDiscriminationByIsolationMVArun2v1DBoldDMwLTraw"   "category"        "RECO"    
reco::PFTauDiscriminator              "hpsPFTauDiscriminationByIsolationMVArun2v1PWdR03oldDMwLTraw"   "category"        "RECO"    
reco::PFTauDiscriminator              "hpsPFTauDiscriminationByIsolationMVArun2v1PWnewDMwLTraw"   "category"        "RECO"    
reco::PFTauDiscriminator              "hpsPFTauDiscriminationByIsolationMVArun2v1PWoldDMwLTraw"   "category"        "RECO"    
reco::PFTauDiscriminator              "hpsPFTauDiscriminationByMVA6rawElectronRejection"   "category"        "RECO"    
vector<BeamSpotOnline>                "scalersRawToDigi"          ""                "RECO"    
vector<CTPPSLocalTrackLite>           "ctppsLocalTrackLiteProducer"   ""                "RECO"    
vector<DcsStatus>                     "scalersRawToDigi"          ""                "RECO"    
vector<L1AcceptBunchCrossing>         "scalersRawToDigi"          ""                "RECO"    
vector<L1GctEmCand>                   "gctDigis"                  "isoEm"           "RECO"    
vector<L1GctEmCand>                   "gctDigis"                  "nonIsoEm"        "RECO"    
vector<L1GctEtHad>                    "gctDigis"                  ""                "RECO"    
vector<L1GctEtMiss>                   "gctDigis"                  ""                "RECO"    
vector<L1GctEtTotal>                  "gctDigis"                  ""                "RECO"    
vector<L1GctHFBitCounts>              "gctDigis"                  ""                "RECO"    
vector<L1GctHFRingEtSums>             "gctDigis"                  ""                "RECO"    
vector<L1GctHtMiss>                   "gctDigis"                  ""                "RECO"    
vector<L1GctJetCand>                  "gctDigis"                  "cenJets"         "RECO"    
vector<L1GctJetCand>                  "gctDigis"                  "forJets"         "RECO"    
vector<L1GctJetCand>                  "gctDigis"                  "tauJets"         "RECO"    
vector<L1GctJetCounts>                "gctDigis"                  ""                "RECO"    
vector<L1TriggerScalers>              "scalersRawToDigi"          ""                "RECO"    
vector<Level1TriggerScalers>          "scalersRawToDigi"          ""                "RECO"    
vector<LumiScalers>                   "scalersRawToDigi"          ""                "RECO"    
vector<TotemFEDInfo>                  "ctppsDiamondRawToDigi"     "TimingDiamond"   "RECO"    
vector<TotemFEDInfo>                  "totemRPRawToDigi"          "TrackingStrip"   "RECO"    
vector<TrajectorySeed>                "CosmicMuonSeed"            ""                "RECO"    
vector<TrajectorySeed>                "ancientMuonSeed"           ""                "RECO"    
vector<TrajectorySeed>                "displacedMuonSeeds"        ""                "RECO"    
vector<double>                        "ak4CaloJets"               "rhos"            "RECO"    
vector<double>                        "ak4PFJets"                 "rhos"            "RECO"    
vector<double>                        "ak4PFJetsCHS"              "rhos"            "RECO"    
vector<double>                        "ak4TrackJets"              "rhos"            "RECO"    
vector<double>                        "ak5CastorJets"             "rhos"            "RECO"    
vector<double>                        "ak7CastorJets"             "rhos"            "RECO"    
vector<double>                        "ak8PFJetsCHS"              "rhos"            "RECO"    
vector<double>                        "ak8PFJetsCHSSoftDrop"      "rhos"            "RECO"    
vector<double>                        "cmsTopTagPFJetsCHS"        "rhos"            "RECO"    
vector<double>                        "ak4CaloJets"               "sigmas"          "RECO"    
vector<double>                        "ak4PFJets"                 "sigmas"          "RECO"    
vector<double>                        "ak4PFJetsCHS"              "sigmas"          "RECO"    
vector<double>                        "ak4TrackJets"              "sigmas"          "RECO"    
vector<double>                        "ak5CastorJets"             "sigmas"          "RECO"    
vector<double>                        "ak7CastorJets"             "sigmas"          "RECO"    
vector<double>                        "ak8PFJetsCHS"              "sigmas"          "RECO"    
vector<double>                        "ak8PFJetsCHSSoftDrop"      "sigmas"          "RECO"    
vector<double>                        "cmsTopTagPFJetsCHS"        "sigmas"          "RECO"    
vector<edm::ErrorSummaryEntry>        "logErrorHarvester"         ""                "RECO"    
vector<edm::FwdPtr<reco::PFCandidate> >    "particleFlowPtrs"          ""                "RECO"    
vector<edm::FwdPtr<reco::PFCandidate> >    "particleFlowTmpPtrs"       ""                "RECO"    
vector<edm::FwdPtr<reco::PFCandidate> >    "pfIsolatedElectronsEI"     ""                "RECO"    
vector<edm::FwdPtr<reco::PFCandidate> >    "pfIsolatedMuonsEI"         ""                "RECO"    
vector<float>                         "generalTracks"             "MVAValues"       "RECO"    
vector<l1extra::L1EmParticle>         "l1extraParticles"          "Isolated"        "RECO"    
vector<l1extra::L1EmParticle>         "l1extraParticles"          "NonIsolated"     "RECO"    
vector<l1extra::L1EtMissParticle>     "l1extraParticles"          "MET"             "RECO"    
vector<l1extra::L1EtMissParticle>     "l1extraParticles"          "MHT"             "RECO"    
vector<l1extra::L1HFRings>            "l1extraParticles"          ""                "RECO"    
vector<l1extra::L1JetParticle>        "l1extraParticles"          "Central"         "RECO"    
vector<l1extra::L1JetParticle>        "l1extraParticles"          "Forward"         "RECO"    
vector<l1extra::L1JetParticle>        "l1extraParticles"          "IsoTau"          "RECO"    
vector<l1extra::L1JetParticle>        "l1extraParticles"          "Tau"             "RECO"    
vector<l1extra::L1MuonParticle>       "l1extraParticles"          ""                "RECO"    
vector<reco::BasicJet>                "ak5CastorJets"             ""                "RECO"    
vector<reco::BasicJet>                "ak7CastorJets"             ""                "RECO"    
vector<reco::BasicJet>                "ak8PFJetsCHSSoftDrop"      ""                "RECO"    
vector<reco::BasicJet>                "cmsTopTagPFJetsCHS"        ""                "RECO"    
vector<reco::CaloCluster>             "hfEMClusters"              ""                "RECO"    
vector<reco::CaloCluster>             "particleFlowEGamma"        "EBEEClusters"    "RECO"    
vector<reco::CaloCluster>             "particleFlowEGamma"        "ESClusters"      "RECO"    
vector<reco::CaloCluster>             "hybridSuperClusters"       "hybridBarrelBasicClusters"   "RECO"    
vector<reco::CaloCluster>             "multi5x5SuperClusters"     "multi5x5EndcapBasicClusters"   "RECO"    
vector<reco::CaloCluster>             "particleFlowSuperClusterECAL"   "particleFlowBasicClusterECALBarrel"   "RECO"    
vector<reco::CaloCluster>             "particleFlowSuperClusterECAL"   "particleFlowBasicClusterECALEndcap"   "RECO"    
vector<reco::CaloCluster>             "particleFlowSuperClusterECAL"   "particleFlowBasicClusterECALPreshower"   "RECO"    
vector<reco::CaloCluster>             "particleFlowSuperClusterOOTECAL"   "particleFlowBasicClusterOOTECALBarrel"   "RECO"    
vector<reco::CaloCluster>             "particleFlowSuperClusterOOTECAL"   "particleFlowBasicClusterOOTECALEndcap"   "RECO"    
vector<reco::CaloCluster>             "particleFlowSuperClusterOOTECAL"   "particleFlowBasicClusterOOTECALPreshower"   "RECO"    
vector<reco::CaloCluster>             "hybridSuperClusters"       "uncleanOnlyHybridBarrelBasicClusters"   "RECO"    
vector<reco::CaloCluster>             "multi5x5SuperClusters"     "uncleanOnlyMulti5x5EndcapBasicClusters"   "RECO"    
vector<reco::CaloJet>                 "ak4CaloJets"               ""                "RECO"    
vector<reco::CaloMET>                 "caloMet"                   ""                "RECO"    
vector<reco::CaloMET>                 "caloMetBE"                 ""                "RECO"    
vector<reco::CaloMET>                 "caloMetBEFO"               ""                "RECO"    
vector<reco::CaloMET>                 "caloMetM"                  ""                "RECO"    
vector<reco::CastorTower>             "CastorTowerReco"           ""                "RECO"    
vector<reco::Conversion>              "allConversions"            ""                "RECO"    
vector<reco::Conversion>              "conversions"               ""                "RECO"    
vector<reco::Conversion>              "particleFlowEGamma"        ""                "RECO"    
vector<reco::Conversion>              "uncleanedOnlyAllConversions"   ""                "RECO"    
vector<reco::DeDxHitInfo>             "dedxHitInfo"               ""                "RECO"    
vector<reco::ElectronSeed>            "electronMergedSeeds"       ""                "RECO"    
vector<reco::GsfElectron>             "gedGsfElectrons"           ""                "RECO"    
vector<reco::GsfElectron>             "uncleanedOnlyGsfElectrons"   ""                "RECO"    
vector<reco::GsfElectronCore>         "gedGsfElectronCores"       ""                "RECO"    
vector<reco::GsfElectronCore>         "uncleanedOnlyGsfElectronCores"   ""                "RECO"    
vector<reco::GsfTrack>                "electronGsfTracks"         ""                "RECO"    
vector<reco::GsfTrackExtra>           "electronGsfTracks"         ""                "RECO"    
vector<reco::HFEMClusterShape>        "hfEMClusters"              ""                "RECO"    
vector<reco::HcalNoiseRBX>            "hcalnoise"                 ""                "RECO"    
vector<reco::IPTagInfo<vector<edm::Ptr<reco::Candidate> >,reco::JetTagInfo> >    "pfImpactParameterTagInfos"   ""                "RECO"    
vector<reco::JPTJet>                  "JetPlusTrackZSPCorJetAntiKt4"   ""                "RECO"    
vector<reco::Muon>                    "muons"                     ""                "RECO"    
vector<reco::Muon>                    "muonsFromCosmics"          ""                "RECO"    
vector<reco::Muon>                    "muonsFromCosmics1Leg"      ""                "RECO"    
vector<reco::PFBlock>                 "particleFlowBlock"         ""                "RECO"    
vector<reco::PFCandidate>             "particleFlow"              ""                "RECO"    
vector<reco::PFCandidate>             "particleFlowEGamma"        ""                "RECO"    
vector<reco::PFCandidate>             "pfIsolatedElectronsEI"     ""                "RECO"    
vector<reco::PFCandidate>             "pfIsolatedMuonsEI"         ""                "RECO"    
vector<reco::PFCandidate>             "particleFlowTmp"           "AddedMuonsAndHadrons"   "RECO"    
vector<reco::PFCandidate>             "particleFlowTmp"           "CleanedCosmicsMuons"   "RECO"    
vector<reco::PFCandidate>             "particleFlowTmp"           "CleanedFakeMuons"   "RECO"    
vector<reco::PFCandidate>             "particleFlowTmp"           "CleanedHF"       "RECO"    
vector<reco::PFCandidate>             "particleFlowTmp"           "CleanedPunchThroughMuons"   "RECO"    
vector<reco::PFCandidate>             "particleFlowTmp"           "CleanedPunchThroughNeutralHadrons"   "RECO"    
vector<reco::PFCandidate>             "particleFlowTmp"           "CleanedTrackerAndGlobalMuons"   "RECO"    
vector<reco::PFCluster>               "particleFlowClusterECAL"   ""                "RECO"    
vector<reco::PFCluster>               "particleFlowClusterHCAL"   ""                "RECO"    
vector<reco::PFCluster>               "particleFlowClusterHF"     ""                "RECO"    
vector<reco::PFCluster>               "particleFlowClusterHO"     ""                "RECO"    
vector<reco::PFCluster>               "particleFlowClusterPS"     ""                "RECO"    
vector<reco::PFDisplacedVertex>       "particleFlowDisplacedVertex"   ""                "RECO"    
vector<reco::PFJet>                   "ak4PFJets"                 ""                "RECO"    
vector<reco::PFJet>                   "ak4PFJetsCHS"              ""                "RECO"    
vector<reco::PFJet>                   "ak8PFJetsCHS"              ""                "RECO"    
vector<reco::PFJet>                   "pfJetsEI"                  ""                "RECO"    
vector<reco::PFJet>                   "ak8PFJetsCHSSoftDrop"      "SubJets"         "RECO"    
vector<reco::PFJet>                   "cmsTopTagPFJetsCHS"        "caTopSubJets"    "RECO"    
vector<reco::PFMET>                   "pfChMet"                   ""                "RECO"    
vector<reco::PFMET>                   "pfMet"                     ""                "RECO"    
vector<reco::PFMET>                   "pfMetEI"                   ""                "RECO"    
vector<reco::PFRecHit>                "particleFlowRecHitECAL"    "Cleaned"         "RECO"    
vector<reco::PFRecHit>                "particleFlowRecHitHBHE"    "Cleaned"         "RECO"    
vector<reco::PFRecHit>                "particleFlowRecHitHF"      "Cleaned"         "RECO"    
vector<reco::PFRecHit>                "particleFlowRecHitHO"      "Cleaned"         "RECO"    
vector<reco::PFRecHit>                "particleFlowRecHitPS"      "Cleaned"         "RECO"    
vector<reco::PFTau>                   "hpsPFTauProducer"          ""                "RECO"    
vector<reco::PFTau>                   "pfTausEI"                  ""                "RECO"    
vector<reco::PFTauTransverseImpactParameter>    "hpsPFTauTransverseImpactParameters"   "PFTauTIP"        "RECO"    
vector<reco::Photon>                  "gedPhotons"                ""                "RECO"    
vector<reco::Photon>                  "ootPhotons"                ""                "RECO"    
vector<reco::Photon>                  "photons"                   ""                "RECO"    
vector<reco::PhotonCore>              "gedPhotonCore"             ""                "RECO"    
vector<reco::PhotonCore>              "ootPhotonCore"             ""                "RECO"    
vector<reco::PhotonCore>              "photonCore"                ""                "RECO"    
vector<reco::PreId>                   "trackerDrivenElectronSeeds"   "preid"           "RECO"    
vector<reco::PreshowerCluster>        "multi5x5SuperClustersWithPreshower"   "preshowerXClusters"   "RECO"    
vector<reco::PreshowerCluster>        "multi5x5SuperClustersWithPreshower"   "preshowerYClusters"   "RECO"    
vector<reco::PreshowerClusterShape>    "multi5x5PreshowerClusterShape"   "multi5x5PreshowerXClustersShape"   "RECO"    
vector<reco::PreshowerClusterShape>    "multi5x5PreshowerClusterShape"   "multi5x5PreshowerYClustersShape"   "RECO"    
vector<reco::RecoChargedRefCandidate>    "trackRefsForJets"          ""                "RECO"    
vector<reco::RecoEcalCandidate>       "hfRecoEcalCandidate"       ""                "RECO"    
vector<reco::RecoTauPiZero>           "hpsPFTauProducer"          "pizeros"         "RECO"    
vector<reco::SuperCluster>            "correctedHybridSuperClusters"   ""                "RECO"    
vector<reco::SuperCluster>            "correctedMulti5x5SuperClustersWithPreshower"   ""                "RECO"    
vector<reco::SuperCluster>            "hfEMClusters"              ""                "RECO"    
vector<reco::SuperCluster>            "hybridSuperClusters"       ""                "RECO"    
vector<reco::SuperCluster>            "multi5x5SuperClustersWithPreshower"   ""                "RECO"    
vector<reco::SuperCluster>            "particleFlowEGamma"        ""                "RECO"    
vector<reco::SuperCluster>            "multi5x5SuperClusters"     "multi5x5EndcapSuperClusters"   "RECO"    
vector<reco::SuperCluster>            "particleFlowSuperClusterECAL"   "particleFlowSuperClusterECALBarrel"   "RECO"    
vector<reco::SuperCluster>            "particleFlowSuperClusterECAL"   "particleFlowSuperClusterECALEndcapWithPreshower"   "RECO"    
vector<reco::SuperCluster>            "particleFlowSuperClusterOOTECAL"   "particleFlowSuperClusterOOTECALBarrel"   "RECO"    
vector<reco::SuperCluster>            "particleFlowSuperClusterOOTECAL"   "particleFlowSuperClusterOOTECALEndcapWithPreshower"   "RECO"    
vector<reco::SuperCluster>            "hybridSuperClusters"       "uncleanOnlyHybridSuperClusters"   "RECO"    
vector<reco::SuperCluster>            "multi5x5SuperClusters"     "uncleanOnlyMulti5x5EndcapSuperClusters"   "RECO"    
vector<reco::TemplatedSecondaryVertexTagInfo<reco::IPTagInfo<vector<edm::Ptr<reco::Candidate> >,reco::JetTagInfo>,reco::VertexCompositePtrCandidate> >    "pfGhostTrackVertexTagInfos"   ""                "RECO"    
vector<reco::TemplatedSecondaryVertexTagInfo<reco::IPTagInfo<vector<edm::Ptr<reco::Candidate> >,reco::JetTagInfo>,reco::VertexCompositePtrCandidate> >    "pfInclusiveSecondaryVertexFinderCvsLTagInfos"   ""                "RECO"    
vector<reco::TemplatedSecondaryVertexTagInfo<reco::IPTagInfo<vector<edm::Ptr<reco::Candidate> >,reco::JetTagInfo>,reco::VertexCompositePtrCandidate> >    "pfInclusiveSecondaryVertexFinderTagInfos"   ""                "RECO"    
vector<reco::TemplatedSecondaryVertexTagInfo<reco::IPTagInfo<vector<edm::Ptr<reco::Candidate> >,reco::JetTagInfo>,reco::VertexCompositePtrCandidate> >    "pfSecondaryVertexTagInfos"   ""                "RECO"    
vector<reco::TemplatedSoftLeptonTagInfo<edm::Ptr<reco::Candidate> > >    "softPFElectronsTagInfos"   ""                "RECO"    
vector<reco::TemplatedSoftLeptonTagInfo<edm::Ptr<reco::Candidate> > >    "softPFMuonsTagInfos"       ""                "RECO"    
vector<reco::Track>                   "ckfInOutTracksFromConversions"   ""                "RECO"    
vector<reco::Track>                   "ckfOutInTracksFromConversions"   ""                "RECO"    
vector<reco::Track>                   "conversionStepTracks"      ""                "RECO"    
vector<reco::Track>                   "cosmicDCTracks"            ""                "RECO"    
vector<reco::Track>                   "cosmicMuons"               ""                "RECO"    
vector<reco::Track>                   "cosmicMuons1Leg"           ""                "RECO"    
vector<reco::Track>                   "cosmicsVetoTracks"         ""                "RECO"    
vector<reco::Track>                   "displacedGlobalMuons"      ""                "RECO"    
vector<reco::Track>                   "displacedStandAloneMuons"   ""                "RECO"    
vector<reco::Track>                   "displacedTracks"           ""                "RECO"    
vector<reco::Track>                   "generalTracks"             ""                "RECO"    
vector<reco::Track>                   "globalMuons"               ""                "RECO"    
vector<reco::Track>                   "refittedStandAloneMuons"   ""                "RECO"    
vector<reco::Track>                   "standAloneMuons"           ""                "RECO"    
vector<reco::Track>                   "uncleanedOnlyCkfInOutTracksFromConversions"   ""                "RECO"    
vector<reco::Track>                   "uncleanedOnlyCkfOutInTracksFromConversions"   ""                "RECO"    
vector<reco::Track>                   "refittedStandAloneMuons"   "UpdatedAtVtx"    "RECO"    
vector<reco::Track>                   "standAloneMuons"           "UpdatedAtVtx"    "RECO"    
vector<reco::Track>                   "tevMuons"                  "default"         "RECO"    
vector<reco::Track>                   "tevMuons"                  "dyt"             "RECO"    
vector<reco::Track>                   "tevMuons"                  "firstHit"        "RECO"    
vector<reco::Track>                   "pfImpactParameterTagInfos"   "ghostTracks"     "RECO"    
vector<reco::Track>                   "tevMuons"                  "picky"           "RECO"    
vector<reco::TrackExtra>              "ckfInOutTracksFromConversions"   ""                "RECO"    
vector<reco::TrackExtra>              "ckfOutInTracksFromConversions"   ""                "RECO"    
vector<reco::TrackExtra>              "conversionStepTracks"      ""                "RECO"    
vector<reco::TrackExtra>              "cosmicDCTracks"            ""                "RECO"    
vector<reco::TrackExtra>              "cosmicMuons"               ""                "RECO"    
vector<reco::TrackExtra>              "cosmicMuons1Leg"           ""                "RECO"    
vector<reco::TrackExtra>              "displacedGlobalMuons"      ""                "RECO"    
vector<reco::TrackExtra>              "displacedStandAloneMuons"   ""                "RECO"    
vector<reco::TrackExtra>              "electronGsfTracks"         ""                "RECO"    
vector<reco::TrackExtra>              "generalTracks"             ""                "RECO"    
vector<reco::TrackExtra>              "globalMuons"               ""                "RECO"    
vector<reco::TrackExtra>              "refittedStandAloneMuons"   ""                "RECO"    
vector<reco::TrackExtra>              "standAloneMuons"           ""                "RECO"    
vector<reco::TrackExtra>              "uncleanedOnlyCkfInOutTracksFromConversions"   ""                "RECO"    
vector<reco::TrackExtra>              "uncleanedOnlyCkfOutInTracksFromConversions"   ""                "RECO"    
vector<reco::TrackExtra>              "tevMuons"                  "default"         "RECO"    
vector<reco::TrackExtra>              "tevMuons"                  "dyt"             "RECO"    
vector<reco::TrackExtra>              "tevMuons"                  "firstHit"        "RECO"    
vector<reco::TrackExtra>              "tevMuons"                  "picky"           "RECO"    
vector<reco::TrackExtrapolation>      "trackExtrapolator"         ""                "RECO"    
vector<reco::TrackJet>                "ak4TrackJets"              ""                "RECO"    
vector<reco::Vertex>                  "inclusiveSecondaryVertices"   ""                "RECO"    
vector<reco::Vertex>                  "offlinePrimaryVertices"    ""                "RECO"    
vector<reco::Vertex>                  "offlinePrimaryVerticesWithBS"   ""                "RECO"    
vector<reco::VertexCompositeCandidate>    "generalV0Candidates"       "Kshort"          "RECO"    
vector<reco::VertexCompositeCandidate>    "generalV0Candidates"       "Lambda"          "RECO"    
vector<reco::VertexCompositePtrCandidate>    "inclusiveCandidateSecondaryVertices"   ""                "RECO"    
vector<reco::VertexCompositePtrCandidate>    "inclusiveCandidateSecondaryVerticesCvsL"   ""                "RECO"    
