Type                                  Module                      Label             Process   
----------------------------------------------------------------------------------------------
GenEventInfoProduct                   "generator"                 ""                "SIM"     
edm::HepMCProduct                     "generatorSmeared"          ""                "SIM"     
edm::RandomEngineStates               "randomEngineStateProducer"   ""                "SIM"     
edm::TriggerResults                   "TriggerResults"            ""                "SIM"     
vector<PCaloHit>                      "g4SimHits"                 "CaloHitsTk"      "SIM"     
vector<PCaloHit>                      "g4SimHits"                 "CastorBU"        "SIM"     
vector<PCaloHit>                      "g4SimHits"                 "CastorFI"        "SIM"     
vector<PCaloHit>                      "g4SimHits"                 "CastorPL"        "SIM"     
vector<PCaloHit>                      "g4SimHits"                 "CastorTU"        "SIM"     
vector<PCaloHit>                      "g4SimHits"                 "ChamberHits"     "SIM"     
vector<PCaloHit>                      "g4SimHits"                 "EcalHitsEB"      "SIM"     
vector<PCaloHit>                      "g4SimHits"                 "EcalHitsEE"      "SIM"     
vector<PCaloHit>                      "g4SimHits"                 "EcalHitsES"      "SIM"     
vector<PCaloHit>                      "g4SimHits"                 "EcalTBH4BeamHits"   "SIM"     
vector<PCaloHit>                      "g4SimHits"                 "FibreHits"       "SIM"     
vector<PCaloHit>                      "g4SimHits"                 "HGCHitsEE"       "SIM"     
vector<PCaloHit>                      "g4SimHits"                 "HGCHitsHEback"   "SIM"     
vector<PCaloHit>                      "g4SimHits"                 "HGCHitsHEfront"   "SIM"     
vector<PCaloHit>                      "g4SimHits"                 "HcalHits"        "SIM"     
vector<PCaloHit>                      "g4SimHits"                 "HcalTB06BeamHits"   "SIM"     
vector<PCaloHit>                      "g4SimHits"                 "WedgeHits"       "SIM"     
vector<PCaloHit>                      "g4SimHits"                 "ZDCHITS"         "SIM"     
vector<PSimHit>                       "g4SimHits"                 "BCM1FHits"       "SIM"     
vector<PSimHit>                       "g4SimHits"                 "BHMHits"         "SIM"     
vector<PSimHit>                       "g4SimHits"                 "BSCHits"         "SIM"     
vector<PSimHit>                       "g4SimHits"                 "FP420SI"         "SIM"     
vector<PSimHit>                       "g4SimHits"                 "FastTimerHitsBarrel"   "SIM"     
vector<PSimHit>                       "g4SimHits"                 "FastTimerHitsEndcap"   "SIM"     
vector<PSimHit>                       "g4SimHits"                 "MuonCSCHits"     "SIM"     
vector<PSimHit>                       "g4SimHits"                 "MuonDTHits"      "SIM"     
vector<PSimHit>                       "g4SimHits"                 "MuonGEMHits"     "SIM"     
vector<PSimHit>                       "g4SimHits"                 "MuonME0Hits"     "SIM"     
vector<PSimHit>                       "g4SimHits"                 "MuonRPCHits"     "SIM"     
vector<PSimHit>                       "g4SimHits"                 "PLTHits"         "SIM"     
vector<PSimHit>                       "g4SimHits"                 "TotemHitsRP"     "SIM"     
vector<PSimHit>                       "g4SimHits"                 "TotemHitsT1"     "SIM"     
vector<PSimHit>                       "g4SimHits"                 "TotemHitsT2Gem"   "SIM"     
vector<PSimHit>                       "g4SimHits"                 "TrackerHitsPixelBarrelHighTof"   "SIM"     
vector<PSimHit>                       "g4SimHits"                 "TrackerHitsPixelBarrelLowTof"   "SIM"     
vector<PSimHit>                       "g4SimHits"                 "TrackerHitsPixelEndcapHighTof"   "SIM"     
vector<PSimHit>                       "g4SimHits"                 "TrackerHitsPixelEndcapLowTof"   "SIM"     
vector<PSimHit>                       "g4SimHits"                 "TrackerHitsTECHighTof"   "SIM"     
vector<PSimHit>                       "g4SimHits"                 "TrackerHitsTECLowTof"   "SIM"     
vector<PSimHit>                       "g4SimHits"                 "TrackerHitsTIBHighTof"   "SIM"     
vector<PSimHit>                       "g4SimHits"                 "TrackerHitsTIBLowTof"   "SIM"     
vector<PSimHit>                       "g4SimHits"                 "TrackerHitsTIDHighTof"   "SIM"     
vector<PSimHit>                       "g4SimHits"                 "TrackerHitsTIDLowTof"   "SIM"     
vector<PSimHit>                       "g4SimHits"                 "TrackerHitsTOBHighTof"   "SIM"     
vector<PSimHit>                       "g4SimHits"                 "TrackerHitsTOBLowTof"   "SIM"     
vector<SimTrack>                      "g4SimHits"                 ""                "SIM"     
vector<SimVertex>                     "g4SimHits"                 ""                "SIM"     
CrossingFramePlaybackInfoNew          "mix"                       ""                "HLT"     
FEDRawDataCollection                  "rawDataCollector"          ""                "HLT"     
GlobalObjectMapRecord                 "hltGtStage2ObjectMap"      ""                "HLT"     
HcalDataFrameContainer<QIE10DataFrame>    "simHcalUnsuppressedDigis"   "HFQIE10DigiCollection"   "HLT"     
HcalDataFrameContainer<QIE11DataFrame>    "simHcalUnsuppressedDigis"   "HBHEQIE11DigiCollection"   "HLT"     
MuonDigiCollection<CSCDetId,CSCComparatorDigi>    "simMuonCSCDigis"           "MuonCSCComparatorDigi"   "HLT"     
MuonDigiCollection<CSCDetId,CSCStripDigi>    "simMuonCSCDigis"           "MuonCSCStripDigi"   "HLT"     
MuonDigiCollection<CSCDetId,CSCWireDigi>    "simMuonCSCDigis"           "MuonCSCWireDigi"   "HLT"     
MuonDigiCollection<DTLayerId,DTDigiSimLink>    "simMuonDTDigis"            ""                "HLT"     
MuonDigiCollection<RPCDetId,RPCDigi>    "simMuonRPCDigis"           ""                "HLT"     
edm::DetSetVector<RPCDigiSimLink>     "simMuonRPCDigis"           "RPCDigiSimLink"   "HLT"     
edm::DetSetVector<StripDigiSimLink>    "simMuonCSCDigis"           "MuonCSCStripDigiSimLinks"   "HLT"     
edm::DetSetVector<StripDigiSimLink>    "simMuonCSCDigis"           "MuonCSCWireDigiSimLinks"   "HLT"     
edm::HepMCProduct                     "generatorSmeared"          ""                "HLT"     
edm::RandomEngineStates               "randomEngineStateProducer"   ""                "HLT"     
edm::SortedCollection<EBSrFlag,edm::StrictWeakOrdering<EBSrFlag> >    "simEcalDigis"              "ebSrFlags"       "HLT"     
edm::SortedCollection<EESrFlag,edm::StrictWeakOrdering<EESrFlag> >    "simEcalDigis"              "eeSrFlags"       "HLT"     
edm::SortedCollection<HBHEDataFrame,edm::StrictWeakOrdering<HBHEDataFrame> >    "simHcalUnsuppressedDigis"   ""                "HLT"     
edm::SortedCollection<HFDataFrame,edm::StrictWeakOrdering<HFDataFrame> >    "simHcalUnsuppressedDigis"   ""                "HLT"     
edm::SortedCollection<HODataFrame,edm::StrictWeakOrdering<HODataFrame> >    "simHcalUnsuppressedDigis"   ""                "HLT"     
edm::SortedCollection<ZDCDataFrame,edm::StrictWeakOrdering<ZDCDataFrame> >    "simHcalUnsuppressedDigis"   ""                "HLT"     
edm::TriggerResults                   "TriggerResults"            ""                "HLT"     
int                                   "addPileupInfo"             "bunchSpacing"    "HLT"     
vector<PileupSummaryInfo>             "addPileupInfo"             ""                "HLT"     
vector<int>                           "genParticles"              ""                "HLT"     
vector<reco::GenJet>                  "ak4GenJets"                ""                "HLT"     
vector<reco::GenJet>                  "ak4GenJetsNoNu"            ""                "HLT"     
vector<reco::GenJet>                  "ak8GenJets"                ""                "HLT"     
vector<reco::GenJet>                  "ak8GenJetsNoNu"            ""                "HLT"     
vector<reco::GenMET>                  "genMetCalo"                ""                "HLT"     
vector<reco::GenMET>                  "genMetTrue"                ""                "HLT"     
vector<reco::GenParticle>             "genParticles"              ""                "HLT"     
vector<pair<int,bitset<6> > >         "mix"                       "AffectedAPVList"   "HLT"     
trigger::TriggerEvent                 "hltTriggerSummaryAOD"      ""                "HLT"     
